[debug] [2024-11-11T21:52:29.921Z] ----------------------------------------------------------------------
[debug] [2024-11-11T21:52:29.924Z] Command:       /home/edison/node-v20.16.0/bin/node /home/edison/node-v20.16.0/bin/firebase hosting:channel:deploy demo
[debug] [2024-11-11T21:52:29.924Z] CLI Version:   13.24.2
[debug] [2024-11-11T21:52:29.924Z] Platform:      linux
[debug] [2024-11-11T21:52:29.924Z] Node Version:  v20.16.0
[debug] [2024-11-11T21:52:29.924Z] Time:          Mon Nov 11 2024 16:52:29 GMT-0500 (hora estándar de Colombia)
[debug] [2024-11-11T21:52:29.925Z] ----------------------------------------------------------------------
[debug] 
[debug] [2024-11-11T21:52:29.993Z] > command requires scopes: ["email","openid","https://www.googleapis.com/auth/cloudplatformprojects.readonly","https://www.googleapis.com/auth/firebase","https://www.googleapis.com/auth/cloud-platform"]
[debug] [2024-11-11T21:52:29.993Z] > authorizing via signed-in user (edisonisaza@gmail.com)
[debug] [2024-11-11T21:52:29.993Z] [iam] checking project edison-79754 for permissions ["firebase.projects.get","firebasehosting.sites.update"]
[debug] [2024-11-11T21:52:29.994Z] Checked if tokens are valid: false, expires at: 1731357588579
[debug] [2024-11-11T21:52:29.995Z] Checked if tokens are valid: false, expires at: 1731357588579
[debug] [2024-11-11T21:52:29.995Z] > refreshing access token with scopes: []
[debug] [2024-11-11T21:52:29.997Z] >>> [apiv2][query] POST https://www.googleapis.com/oauth2/v3/token [none]
[debug] [2024-11-11T21:52:29.997Z] >>> [apiv2][body] POST https://www.googleapis.com/oauth2/v3/token [omitted]
[debug] [2024-11-11T21:52:30.350Z] <<< [apiv2][status] POST https://www.googleapis.com/oauth2/v3/token 200
[debug] [2024-11-11T21:52:30.351Z] <<< [apiv2][body] POST https://www.googleapis.com/oauth2/v3/token [omitted]
[debug] [2024-11-11T21:52:30.429Z] >>> [apiv2][query] POST https://cloudresourcemanager.googleapis.com/v1/projects/edison-79754:testIamPermissions [none]
[debug] [2024-11-11T21:52:30.429Z] >>> [apiv2][(partial)header] POST https://cloudresourcemanager.googleapis.com/v1/projects/edison-79754:testIamPermissions x-goog-quota-user=projects/edison-79754
[debug] [2024-11-11T21:52:30.430Z] >>> [apiv2][body] POST https://cloudresourcemanager.googleapis.com/v1/projects/edison-79754:testIamPermissions {"permissions":["firebase.projects.get","firebasehosting.sites.update"]}
[debug] [2024-11-11T21:52:30.896Z] <<< [apiv2][status] POST https://cloudresourcemanager.googleapis.com/v1/projects/edison-79754:testIamPermissions 200
[debug] [2024-11-11T21:52:30.896Z] <<< [apiv2][body] POST https://cloudresourcemanager.googleapis.com/v1/projects/edison-79754:testIamPermissions {"permissions":["firebase.projects.get","firebasehosting.sites.update"]}
[debug] [2024-11-11T21:52:30.898Z] Checked if tokens are valid: true, expires at: 1731365549351
[debug] [2024-11-11T21:52:30.898Z] Checked if tokens are valid: true, expires at: 1731365549351
[debug] [2024-11-11T21:52:30.899Z] >>> [apiv2][query] GET https://firebase.googleapis.com/v1beta1/projects/edison-79754 [none]
[debug] [2024-11-11T21:52:31.420Z] <<< [apiv2][status] GET https://firebase.googleapis.com/v1beta1/projects/edison-79754 200
[debug] [2024-11-11T21:52:31.421Z] <<< [apiv2][body] GET https://firebase.googleapis.com/v1beta1/projects/edison-79754 {"projectId":"edison-79754","projectNumber":"1097612680420","displayName":"edison","name":"projects/edison-79754","resources":{"hostingSite":"edison-79754"},"state":"ACTIVE","etag":"1_9a65506b-7595-4ec2-bc18-3824f24f6f67"}
[debug] [2024-11-11T21:52:31.425Z] Checked if tokens are valid: true, expires at: 1731365549351
[debug] [2024-11-11T21:52:31.425Z] Checked if tokens are valid: true, expires at: 1731365549351
[debug] [2024-11-11T21:52:31.425Z] >>> [apiv2][query] GET https://firebasehosting.googleapis.com/v1beta1/projects/edison-79754/sites/edison-79754/channels/demo [none]
[debug] [2024-11-11T21:52:31.941Z] <<< [apiv2][status] GET https://firebasehosting.googleapis.com/v1beta1/projects/edison-79754/sites/edison-79754/channels/demo 200
[debug] [2024-11-11T21:52:31.941Z] <<< [apiv2][body] GET https://firebasehosting.googleapis.com/v1beta1/projects/edison-79754/sites/edison-79754/channels/demo {"name":"projects/edison-79754/sites/edison-79754/channels/demo","url":"https://edison-79754--demo-w4v892to.web.app","release":{"name":"projects/edison-79754/sites/edison-79754/channels/demo/releases/1731294688810000","version":{"name":"projects/edison-79754/sites/edison-79754/versions/373584442995b013","status":"FINALIZED","config":{"headers":[{"headers":{"x-nextjs-prerender":"1","x-next-cache-tags":"_N_T_/layout,_N_T_/_not-found/layout,_N_T_/_not-found/page,_N_T_/_not-found","x-nextjs-stale-time":"4294967294"},"glob":"/_not-found"},{"headers":{"x-next-cache-tags":"_N_T_/layout,_N_T_/favicon.ico/layout,_N_T_/favicon.ico/route,_N_T_/favicon.ico","cache-control":"public, max-age=0, must-revalidate","content-type":"image/x-icon"},"glob":"/favicon.ico"},{"headers":{"x-nextjs-stale-time":"4294967294","x-nextjs-prerender":"1","x-next-cache-tags":"_N_T_/layout,_N_T_/contact/layout,_N_T_/contact/page,_N_T_/contact"},"glob":"/contact"},{"headers":{"Set-Cookie":"__FIREBASE_DEFAULTS__=eyJjb25maWciOnsicHJvamVjdElkIjoiZWRpc29uLTc5NzU0IiwiYXBwSWQiOiIxOjEwOTc2MTI2ODA0MjA6d2ViOmY2MTAyY2FiMWUxZWUxNzdhNWUwZjEiLCJzdG9yYWdlQnVja2V0IjoiZWRpc29uLTc5NzU0LmZpcmViYXNlc3RvcmFnZS5hcHAiLCJhcGlLZXkiOiJBSXphU3lEc1B3aUZybTVnS1pfY090VDg0SEdkSVFWbHpHRnQySkkiLCJhdXRoRG9tYWluIjoiZWRpc29uLTc5NzU0LmZpcmViYXNlYXBwLmNvbSIsIm1lc3NhZ2luZ1NlbmRlcklkIjoiMTA5NzYxMjY4MDQyMCIsIm1lYXN1cmVtZW50SWQiOiJHLTlHNzhaMTk2MVMifX0; SameSite=Strict; Expires=2026-10-06T13:51:26.458Z; Path=/;"},"glob":"/**/*.[jt]s"}],"cleanUrls":true,"trailingSlashBehavior":"REMOVE"},"labels":{"firebase-web-framework":"next","deployment-tool":"cli-firebase"},"createTime":"2024-11-11T03:11:26.847963Z","createUser":{"email":"edisonisaza@gmail.com"},"finalizeTime":"2024-11-11T03:11:29.148404Z","finalizeUser":{"email":"edisonisaza@gmail.com"},"fileCount":"33","versionBytes":"1278389"},"type":"DEPLOY","releaseTime":"2024-11-11T03:11:28.810Z","releaseUser":{"email":"edisonisaza@gmail.com"}},"createTime":"2024-11-11T03:10:59.976742903Z","updateTime":"2024-11-11T19:39:51.298979809Z","retainedReleaseCount":10,"expireTime":"2024-11-18T19:39:51.298979809Z"}
[debug] [2024-11-11T21:52:31.942Z] [hosting] found existing channel for site edison-79754 {"name":"projects/edison-79754/sites/edison-79754/channels/demo","url":"https://edison-79754--demo-w4v892to.web.app","release":{"name":"projects/edison-79754/sites/edison-79754/channels/demo/releases/1731294688810000","version":{"name":"projects/edison-79754/sites/edison-79754/versions/373584442995b013","status":"FINALIZED","config":{"headers":[{"headers":{"x-nextjs-prerender":"1","x-next-cache-tags":"_N_T_/layout,_N_T_/_not-found/layout,_N_T_/_not-found/page,_N_T_/_not-found","x-nextjs-stale-time":"4294967294"},"glob":"/_not-found"},{"headers":{"x-next-cache-tags":"_N_T_/layout,_N_T_/favicon.ico/layout,_N_T_/favicon.ico/route,_N_T_/favicon.ico","cache-control":"public, max-age=0, must-revalidate","content-type":"image/x-icon"},"glob":"/favicon.ico"},{"headers":{"x-nextjs-stale-time":"4294967294","x-nextjs-prerender":"1","x-next-cache-tags":"_N_T_/layout,_N_T_/contact/layout,_N_T_/contact/page,_N_T_/contact"},"glob":"/contact"},{"headers":{"Set-Cookie":"__FIREBASE_DEFAULTS__=eyJjb25maWciOnsicHJvamVjdElkIjoiZWRpc29uLTc5NzU0IiwiYXBwSWQiOiIxOjEwOTc2MTI2ODA0MjA6d2ViOmY2MTAyY2FiMWUxZWUxNzdhNWUwZjEiLCJzdG9yYWdlQnVja2V0IjoiZWRpc29uLTc5NzU0LmZpcmViYXNlc3RvcmFnZS5hcHAiLCJhcGlLZXkiOiJBSXphU3lEc1B3aUZybTVnS1pfY090VDg0SEdkSVFWbHpHRnQySkkiLCJhdXRoRG9tYWluIjoiZWRpc29uLTc5NzU0LmZpcmViYXNlYXBwLmNvbSIsIm1lc3NhZ2luZ1NlbmRlcklkIjoiMTA5NzYxMjY4MDQyMCIsIm1lYXN1cmVtZW50SWQiOiJHLTlHNzhaMTk2MVMifX0; SameSite=Strict; Expires=2026-10-06T13:51:26.458Z; Path=/;"},"glob":"/**/*.[jt]s"}],"cleanUrls":true,"trailingSlashBehavior":"REMOVE"},"labels":{"firebase-web-framework":"next","deployment-tool":"cli-firebase"},"createTime":"2024-11-11T03:11:26.847963Z","createUser":{"email":"edisonisaza@gmail.com"},"finalizeTime":"2024-11-11T03:11:29.148404Z","finalizeUser":{"email":"edisonisaza@gmail.com"},"fileCount":"33","versionBytes":"1278389"},"type":"DEPLOY","releaseTime":"2024-11-11T03:11:28.810Z","releaseUser":{"email":"edisonisaza@gmail.com"}},"createTime":"2024-11-11T03:10:59.976742903Z","updateTime":"2024-11-11T19:39:51.298979809Z","retainedReleaseCount":10,"expireTime":"2024-11-18T19:39:51.298979809Z"}
[debug] [2024-11-11T21:52:31.943Z] Checked if tokens are valid: true, expires at: 1731365549351
[debug] [2024-11-11T21:52:31.943Z] Checked if tokens are valid: true, expires at: 1731365549351
[debug] [2024-11-11T21:52:31.945Z] >>> [apiv2][query] PATCH https://firebasehosting.googleapis.com/v1beta1/projects/edison-79754/sites/edison-79754/channels/demo updateMask=ttl
[debug] [2024-11-11T21:52:31.945Z] >>> [apiv2][body] PATCH https://firebasehosting.googleapis.com/v1beta1/projects/edison-79754/sites/edison-79754/channels/demo {"ttl":"604800s"}
[debug] [2024-11-11T21:52:32.093Z] <<< [apiv2][status] PATCH https://firebasehosting.googleapis.com/v1beta1/projects/edison-79754/sites/edison-79754/channels/demo 200
[debug] [2024-11-11T21:52:32.094Z] <<< [apiv2][body] PATCH https://firebasehosting.googleapis.com/v1beta1/projects/edison-79754/sites/edison-79754/channels/demo {"name":"projects/edison-79754/sites/edison-79754/channels/demo","url":"https://edison-79754--demo-w4v892to.web.app","release":{"name":"projects/edison-79754/sites/edison-79754/channels/demo/releases/1731294688810000","version":{"name":"projects/edison-79754/sites/edison-79754/versions/373584442995b013","status":"FINALIZED","config":{"headers":[{"headers":{"x-nextjs-prerender":"1","x-next-cache-tags":"_N_T_/layout,_N_T_/_not-found/layout,_N_T_/_not-found/page,_N_T_/_not-found","x-nextjs-stale-time":"4294967294"},"glob":"/_not-found"},{"headers":{"x-next-cache-tags":"_N_T_/layout,_N_T_/favicon.ico/layout,_N_T_/favicon.ico/route,_N_T_/favicon.ico","cache-control":"public, max-age=0, must-revalidate","content-type":"image/x-icon"},"glob":"/favicon.ico"},{"headers":{"x-nextjs-stale-time":"4294967294","x-nextjs-prerender":"1","x-next-cache-tags":"_N_T_/layout,_N_T_/contact/layout,_N_T_/contact/page,_N_T_/contact"},"glob":"/contact"},{"headers":{"Set-Cookie":"__FIREBASE_DEFAULTS__=eyJjb25maWciOnsicHJvamVjdElkIjoiZWRpc29uLTc5NzU0IiwiYXBwSWQiOiIxOjEwOTc2MTI2ODA0MjA6d2ViOmY2MTAyY2FiMWUxZWUxNzdhNWUwZjEiLCJzdG9yYWdlQnVja2V0IjoiZWRpc29uLTc5NzU0LmZpcmViYXNlc3RvcmFnZS5hcHAiLCJhcGlLZXkiOiJBSXphU3lEc1B3aUZybTVnS1pfY090VDg0SEdkSVFWbHpHRnQySkkiLCJhdXRoRG9tYWluIjoiZWRpc29uLTc5NzU0LmZpcmViYXNlYXBwLmNvbSIsIm1lc3NhZ2luZ1NlbmRlcklkIjoiMTA5NzYxMjY4MDQyMCIsIm1lYXN1cmVtZW50SWQiOiJHLTlHNzhaMTk2MVMifX0; SameSite=Strict; Expires=2026-10-06T13:51:26.458Z; Path=/;"},"glob":"/**/*.[jt]s"}],"cleanUrls":true,"trailingSlashBehavior":"REMOVE"},"labels":{"deployment-tool":"cli-firebase","firebase-web-framework":"next"},"createTime":"2024-11-11T03:11:26.847963Z","createUser":{"email":"edisonisaza@gmail.com"},"finalizeTime":"2024-11-11T03:11:29.148404Z","finalizeUser":{"email":"edisonisaza@gmail.com"},"fileCount":"33","versionBytes":"1278389"},"type":"DEPLOY","releaseTime":"2024-11-11T03:11:28.810Z","releaseUser":{"email":"edisonisaza@gmail.com"}},"createTime":"2024-11-11T03:10:59.976742903Z","updateTime":"2024-11-11T21:52:32.018145173Z","retainedReleaseCount":10,"expireTime":"2024-11-18T21:52:32.018145173Z"}
[debug] [2024-11-11T21:52:32.094Z] [hosting] updated TTL for existing channel for site edison-79754 {"name":"projects/edison-79754/sites/edison-79754/channels/demo","url":"https://edison-79754--demo-w4v892to.web.app","release":{"name":"projects/edison-79754/sites/edison-79754/channels/demo/releases/1731294688810000","version":{"name":"projects/edison-79754/sites/edison-79754/versions/373584442995b013","status":"FINALIZED","config":{"headers":[{"headers":{"x-nextjs-prerender":"1","x-next-cache-tags":"_N_T_/layout,_N_T_/_not-found/layout,_N_T_/_not-found/page,_N_T_/_not-found","x-nextjs-stale-time":"4294967294"},"glob":"/_not-found"},{"headers":{"x-next-cache-tags":"_N_T_/layout,_N_T_/favicon.ico/layout,_N_T_/favicon.ico/route,_N_T_/favicon.ico","cache-control":"public, max-age=0, must-revalidate","content-type":"image/x-icon"},"glob":"/favicon.ico"},{"headers":{"x-nextjs-stale-time":"4294967294","x-nextjs-prerender":"1","x-next-cache-tags":"_N_T_/layout,_N_T_/contact/layout,_N_T_/contact/page,_N_T_/contact"},"glob":"/contact"},{"headers":{"Set-Cookie":"__FIREBASE_DEFAULTS__=eyJjb25maWciOnsicHJvamVjdElkIjoiZWRpc29uLTc5NzU0IiwiYXBwSWQiOiIxOjEwOTc2MTI2ODA0MjA6d2ViOmY2MTAyY2FiMWUxZWUxNzdhNWUwZjEiLCJzdG9yYWdlQnVja2V0IjoiZWRpc29uLTc5NzU0LmZpcmViYXNlc3RvcmFnZS5hcHAiLCJhcGlLZXkiOiJBSXphU3lEc1B3aUZybTVnS1pfY090VDg0SEdkSVFWbHpHRnQySkkiLCJhdXRoRG9tYWluIjoiZWRpc29uLTc5NzU0LmZpcmViYXNlYXBwLmNvbSIsIm1lc3NhZ2luZ1NlbmRlcklkIjoiMTA5NzYxMjY4MDQyMCIsIm1lYXN1cmVtZW50SWQiOiJHLTlHNzhaMTk2MVMifX0; SameSite=Strict; Expires=2026-10-06T13:51:26.458Z; Path=/;"},"glob":"/**/*.[jt]s"}],"cleanUrls":true,"trailingSlashBehavior":"REMOVE"},"labels":{"deployment-tool":"cli-firebase","firebase-web-framework":"next"},"createTime":"2024-11-11T03:11:26.847963Z","createUser":{"email":"edisonisaza@gmail.com"},"finalizeTime":"2024-11-11T03:11:29.148404Z","finalizeUser":{"email":"edisonisaza@gmail.com"},"fileCount":"33","versionBytes":"1278389"},"type":"DEPLOY","releaseTime":"2024-11-11T03:11:28.810Z","releaseUser":{"email":"edisonisaza@gmail.com"}},"createTime":"2024-11-11T03:10:59.976742903Z","updateTime":"2024-11-11T21:52:32.018145173Z","retainedReleaseCount":10,"expireTime":"2024-11-18T21:52:32.018145173Z"}
[debug] [2024-11-11T21:52:33.828Z] Checked if tokens are valid: true, expires at: 1731365549351
[debug] [2024-11-11T21:52:33.828Z] Checked if tokens are valid: true, expires at: 1731365549351
[debug] [2024-11-11T21:52:33.829Z] >>> [apiv2][query] GET https://firebasehosting.googleapis.com/v1beta1/projects/edison-79754/sites pageToken=&pageSize=10
[debug] [2024-11-11T21:52:34.058Z] <<< [apiv2][status] GET https://firebasehosting.googleapis.com/v1beta1/projects/edison-79754/sites 200
[debug] [2024-11-11T21:52:34.059Z] <<< [apiv2][body] GET https://firebasehosting.googleapis.com/v1beta1/projects/edison-79754/sites {"sites":[{"name":"projects/edison-79754/sites/edison-79754","defaultUrl":"https://edison-79754.web.app","appId":"1:1097612680420:web:f6102cab1e1ee177a5e0f1","type":"DEFAULT_SITE"}]}
[debug] [2024-11-11T21:52:34.060Z] Checked if tokens are valid: true, expires at: 1731365549351
[debug] [2024-11-11T21:52:34.060Z] Checked if tokens are valid: true, expires at: 1731365549351
[debug] [2024-11-11T21:52:34.060Z] >>> [apiv2][query] GET https://firebase.googleapis.com/v1beta1/projects/-/webApps/1:1097612680420:web:f6102cab1e1ee177a5e0f1/config [none]
[debug] [2024-11-11T21:52:34.480Z] <<< [apiv2][status] GET https://firebase.googleapis.com/v1beta1/projects/-/webApps/1:1097612680420:web:f6102cab1e1ee177a5e0f1/config 200
[debug] [2024-11-11T21:52:34.480Z] <<< [apiv2][body] GET https://firebase.googleapis.com/v1beta1/projects/-/webApps/1:1097612680420:web:f6102cab1e1ee177a5e0f1/config {"projectId":"edison-79754","appId":"1:1097612680420:web:f6102cab1e1ee177a5e0f1","storageBucket":"edison-79754.firebasestorage.app","apiKey":"AIzaSyDsPwiFrm5gKZ_cOtT84HGdIQVlzGFt2JI","authDomain":"edison-79754.firebaseapp.com","messagingSenderId":"1097612680420","measurementId":"G-9G78Z1961S"}
[info] 
   Thank you for trying our early preview of Next.js support on Firebase Hosting.
   During the preview, support is best-effort and breaking changes can be expected. Proceed with caution.

   Documentation: https://firebase.google.com/docs/hosting/frameworks/nextjs
   File a bug: https://github.com/firebase/firebase-tools/issues/new?template=bug_report.md
   Submit a feature request: https://github.com/firebase/firebase-tools/issues/new?template=feature_request.md

   We'd love to learn from you. Express your interest in helping us shape the future of Firebase Hosting: https://goo.gle/41enW5X

[debug] [2024-11-11T21:52:38.024Z] Checked if tokens are valid: true, expires at: 1731365549351
[debug] [2024-11-11T21:52:38.024Z] Checked if tokens are valid: true, expires at: 1731365549351
[debug] [2024-11-11T21:52:38.025Z] >>> [apiv2][query] GET https://firebasehosting.googleapis.com/v1beta1/projects/edison-79754/sites/edison-79754/channels/demo [none]
[debug] [2024-11-11T21:52:38.165Z] <<< [apiv2][status] GET https://firebasehosting.googleapis.com/v1beta1/projects/edison-79754/sites/edison-79754/channels/demo 200
[debug] [2024-11-11T21:52:38.166Z] <<< [apiv2][body] GET https://firebasehosting.googleapis.com/v1beta1/projects/edison-79754/sites/edison-79754/channels/demo {"name":"projects/edison-79754/sites/edison-79754/channels/demo","url":"https://edison-79754--demo-w4v892to.web.app","release":{"name":"projects/edison-79754/sites/edison-79754/channels/demo/releases/1731294688810000","version":{"name":"projects/edison-79754/sites/edison-79754/versions/373584442995b013","status":"FINALIZED","config":{"headers":[{"headers":{"x-nextjs-prerender":"1","x-next-cache-tags":"_N_T_/layout,_N_T_/_not-found/layout,_N_T_/_not-found/page,_N_T_/_not-found","x-nextjs-stale-time":"4294967294"},"glob":"/_not-found"},{"headers":{"x-next-cache-tags":"_N_T_/layout,_N_T_/favicon.ico/layout,_N_T_/favicon.ico/route,_N_T_/favicon.ico","cache-control":"public, max-age=0, must-revalidate","content-type":"image/x-icon"},"glob":"/favicon.ico"},{"headers":{"x-next-cache-tags":"_N_T_/layout,_N_T_/contact/layout,_N_T_/contact/page,_N_T_/contact","x-nextjs-stale-time":"4294967294","x-nextjs-prerender":"1"},"glob":"/contact"},{"headers":{"Set-Cookie":"__FIREBASE_DEFAULTS__=eyJjb25maWciOnsicHJvamVjdElkIjoiZWRpc29uLTc5NzU0IiwiYXBwSWQiOiIxOjEwOTc2MTI2ODA0MjA6d2ViOmY2MTAyY2FiMWUxZWUxNzdhNWUwZjEiLCJzdG9yYWdlQnVja2V0IjoiZWRpc29uLTc5NzU0LmZpcmViYXNlc3RvcmFnZS5hcHAiLCJhcGlLZXkiOiJBSXphU3lEc1B3aUZybTVnS1pfY090VDg0SEdkSVFWbHpHRnQySkkiLCJhdXRoRG9tYWluIjoiZWRpc29uLTc5NzU0LmZpcmViYXNlYXBwLmNvbSIsIm1lc3NhZ2luZ1NlbmRlcklkIjoiMTA5NzYxMjY4MDQyMCIsIm1lYXN1cmVtZW50SWQiOiJHLTlHNzhaMTk2MVMifX0; SameSite=Strict; Expires=2026-10-06T13:51:26.458Z; Path=/;"},"glob":"/**/*.[jt]s"}],"cleanUrls":true,"trailingSlashBehavior":"REMOVE"},"labels":{"deployment-tool":"cli-firebase","firebase-web-framework":"next"},"createTime":"2024-11-11T03:11:26.847963Z","createUser":{"email":"edisonisaza@gmail.com"},"finalizeTime":"2024-11-11T03:11:29.148404Z","finalizeUser":{"email":"edisonisaza@gmail.com"},"fileCount":"33","versionBytes":"1278389"},"type":"DEPLOY","releaseTime":"2024-11-11T03:11:28.810Z","releaseUser":{"email":"edisonisaza@gmail.com"}},"createTime":"2024-11-11T03:10:59.976742903Z","updateTime":"2024-11-11T21:52:32.018145173Z","retainedReleaseCount":10,"expireTime":"2024-11-18T21:52:32.018145173Z"}
[info]    ▲ Next.js 15.0.3

[info]    - Environments: .env.local


[info]    Creating an optimized production build ...

[info]  ✓ Compiled successfully

[info]    Linting and checking validity of types ...

[info]    Collecting page data ...

[info]    Generating static pages (0/7) ...

[info]    Generating static pages (1/7) 

[info]    Generating static pages (3/7) 
   Generating static pages (5/7) 
 ✓ Generating static pages (7/7)

[info]    Finalizing page optimization ...
   Collecting build traces ...

[info] 

[info] Route (app)                              Size     First Load JS
┌ ○ /                                    52.6 kB         162 kB
├ ○ /_not-found                          896 B           101 kB
├ ○ /contact                             2.13 kB         149 kB
├ ○ /projects                            58.4 kB         310 kB
└ ƒ /projects/[slug]                     9.57 kB         224 kB
+ First Load JS shared by all            100 kB
  ├ chunks/4bd1b696-ad6602fa076d2dfd.js  52.5 kB
  ├ chunks/517-e1850d56ad22dc71.js       45.5 kB
  └ other shared chunks (total)          1.92 kB



[info] ○  (Static)   prerendered as static content
ƒ  (Dynamic)  server-rendered on demand


[info] Building a Cloud Function to run this application. This is needed due to:
[info]  • non-static component /projects/[slug]/page
[info] 
[debug] [2024-11-11T21:53:01.512Z] Checked if tokens are valid: true, expires at: 1731365549351
[debug] [2024-11-11T21:53:01.513Z] Checked if tokens are valid: true, expires at: 1731365549351
[debug] [2024-11-11T21:53:01.513Z] >>> [apiv2][query] GET https://firebasehosting.googleapis.com/v1beta1/projects/edison-79754/sites/edison-79754/channels/demo [none]
[debug] [2024-11-11T21:53:01.922Z] <<< [apiv2][status] GET https://firebasehosting.googleapis.com/v1beta1/projects/edison-79754/sites/edison-79754/channels/demo 200
[debug] [2024-11-11T21:53:01.923Z] <<< [apiv2][body] GET https://firebasehosting.googleapis.com/v1beta1/projects/edison-79754/sites/edison-79754/channels/demo {"name":"projects/edison-79754/sites/edison-79754/channels/demo","url":"https://edison-79754--demo-w4v892to.web.app","release":{"name":"projects/edison-79754/sites/edison-79754/channels/demo/releases/1731294688810000","version":{"name":"projects/edison-79754/sites/edison-79754/versions/373584442995b013","status":"FINALIZED","config":{"headers":[{"headers":{"x-nextjs-stale-time":"4294967294","x-nextjs-prerender":"1","x-next-cache-tags":"_N_T_/layout,_N_T_/_not-found/layout,_N_T_/_not-found/page,_N_T_/_not-found"},"glob":"/_not-found"},{"headers":{"x-next-cache-tags":"_N_T_/layout,_N_T_/favicon.ico/layout,_N_T_/favicon.ico/route,_N_T_/favicon.ico","cache-control":"public, max-age=0, must-revalidate","content-type":"image/x-icon"},"glob":"/favicon.ico"},{"headers":{"x-next-cache-tags":"_N_T_/layout,_N_T_/contact/layout,_N_T_/contact/page,_N_T_/contact","x-nextjs-stale-time":"4294967294","x-nextjs-prerender":"1"},"glob":"/contact"},{"headers":{"Set-Cookie":"__FIREBASE_DEFAULTS__=eyJjb25maWciOnsicHJvamVjdElkIjoiZWRpc29uLTc5NzU0IiwiYXBwSWQiOiIxOjEwOTc2MTI2ODA0MjA6d2ViOmY2MTAyY2FiMWUxZWUxNzdhNWUwZjEiLCJzdG9yYWdlQnVja2V0IjoiZWRpc29uLTc5NzU0LmZpcmViYXNlc3RvcmFnZS5hcHAiLCJhcGlLZXkiOiJBSXphU3lEc1B3aUZybTVnS1pfY090VDg0SEdkSVFWbHpHRnQySkkiLCJhdXRoRG9tYWluIjoiZWRpc29uLTc5NzU0LmZpcmViYXNlYXBwLmNvbSIsIm1lc3NhZ2luZ1NlbmRlcklkIjoiMTA5NzYxMjY4MDQyMCIsIm1lYXN1cmVtZW50SWQiOiJHLTlHNzhaMTk2MVMifX0; SameSite=Strict; Expires=2026-10-06T13:51:26.458Z; Path=/;"},"glob":"/**/*.[jt]s"}],"cleanUrls":true,"trailingSlashBehavior":"REMOVE"},"labels":{"firebase-web-framework":"next","deployment-tool":"cli-firebase"},"createTime":"2024-11-11T03:11:26.847963Z","createUser":{"email":"edisonisaza@gmail.com"},"finalizeTime":"2024-11-11T03:11:29.148404Z","finalizeUser":{"email":"edisonisaza@gmail.com"},"fileCount":"33","versionBytes":"1278389"},"type":"DEPLOY","releaseTime":"2024-11-11T03:11:28.810Z","releaseUser":{"email":"edisonisaza@gmail.com"}},"createTime":"2024-11-11T03:10:59.976742903Z","updateTime":"2024-11-11T21:52:32.018145173Z","retainedReleaseCount":10,"expireTime":"2024-11-18T21:52:32.018145173Z"}
[debug] [2024-11-11T21:53:09.953Z] Error: Command failed: npm i --omit dev --no-audit
    at genericNodeError (node:internal/errors:984:15)
    at wrappedFn (node:internal/errors:538:14)
    at checkExecSyncError (node:child_process:890:11)
    at execSync (node:child_process:962:15)
    at prepareFrameworks (/home/edison/node-v20.16.0/lib/node_modules/firebase-tools/lib/frameworks/index.js:371:42)
    at async deploy (/home/edison/node-v20.16.0/lib/node_modules/firebase-tools/lib/deploy/index.js:58:13)
    at async Command.hostingChannelDeployAction [as actionFn] (/home/edison/node-v20.16.0/lib/node_modules/firebase-tools/lib/commands/hosting-channel-deploy.js:90:25)
[error] 
[error] Error: An unexpected error has occurred.
[debug] [2024-11-11T21:55:57.093Z] ----------------------------------------------------------------------
[debug] [2024-11-11T21:55:57.095Z] Command:       /home/edison/node-v20.16.0/bin/node /home/edison/node-v20.16.0/bin/firebase hosting:channel:deploy demo
[debug] [2024-11-11T21:55:57.096Z] CLI Version:   13.24.2
[debug] [2024-11-11T21:55:57.096Z] Platform:      linux
[debug] [2024-11-11T21:55:57.096Z] Node Version:  v20.16.0
[debug] [2024-11-11T21:55:57.096Z] Time:          Mon Nov 11 2024 16:55:57 GMT-0500 (hora estándar de Colombia)
[debug] [2024-11-11T21:55:57.096Z] ----------------------------------------------------------------------
[debug] 
[debug] [2024-11-11T21:55:57.159Z] Object ".hosting" in "firebase.json" has unknown property: {"additionalProperty":"functions"}
[debug] [2024-11-11T21:55:57.160Z] Field ".hosting" in "firebase.json" is possibly invalid: should be array
[debug] [2024-11-11T21:55:57.160Z] Field ".hosting" in "firebase.json" is possibly invalid: should match some schema in anyOf
[debug] [2024-11-11T21:55:57.162Z] > command requires scopes: ["email","openid","https://www.googleapis.com/auth/cloudplatformprojects.readonly","https://www.googleapis.com/auth/firebase","https://www.googleapis.com/auth/cloud-platform"]
[debug] [2024-11-11T21:55:57.163Z] > authorizing via signed-in user (edisonisaza@gmail.com)
[debug] [2024-11-11T21:55:57.163Z] [iam] checking project edison-79754 for permissions ["firebase.projects.get","firebasehosting.sites.update"]
[debug] [2024-11-11T21:55:57.164Z] Checked if tokens are valid: true, expires at: 1731365549351
[debug] [2024-11-11T21:55:57.164Z] Checked if tokens are valid: true, expires at: 1731365549351
[debug] [2024-11-11T21:55:57.165Z] >>> [apiv2][query] POST https://cloudresourcemanager.googleapis.com/v1/projects/edison-79754:testIamPermissions [none]
[debug] [2024-11-11T21:55:57.165Z] >>> [apiv2][(partial)header] POST https://cloudresourcemanager.googleapis.com/v1/projects/edison-79754:testIamPermissions x-goog-quota-user=projects/edison-79754
[debug] [2024-11-11T21:55:57.166Z] >>> [apiv2][body] POST https://cloudresourcemanager.googleapis.com/v1/projects/edison-79754:testIamPermissions {"permissions":["firebase.projects.get","firebasehosting.sites.update"]}
[debug] [2024-11-11T21:55:57.633Z] <<< [apiv2][status] POST https://cloudresourcemanager.googleapis.com/v1/projects/edison-79754:testIamPermissions 200
[debug] [2024-11-11T21:55:57.633Z] <<< [apiv2][body] POST https://cloudresourcemanager.googleapis.com/v1/projects/edison-79754:testIamPermissions {"permissions":["firebase.projects.get","firebasehosting.sites.update"]}
[debug] [2024-11-11T21:55:57.634Z] Checked if tokens are valid: true, expires at: 1731365549351
[debug] [2024-11-11T21:55:57.634Z] Checked if tokens are valid: true, expires at: 1731365549351
[debug] [2024-11-11T21:55:57.634Z] >>> [apiv2][query] GET https://firebase.googleapis.com/v1beta1/projects/edison-79754 [none]
[debug] [2024-11-11T21:55:58.170Z] <<< [apiv2][status] GET https://firebase.googleapis.com/v1beta1/projects/edison-79754 200
[debug] [2024-11-11T21:55:58.170Z] <<< [apiv2][body] GET https://firebase.googleapis.com/v1beta1/projects/edison-79754 {"projectId":"edison-79754","projectNumber":"1097612680420","displayName":"edison","name":"projects/edison-79754","resources":{"hostingSite":"edison-79754"},"state":"ACTIVE","etag":"1_9a65506b-7595-4ec2-bc18-3824f24f6f67"}
[debug] [2024-11-11T21:55:58.173Z] Checked if tokens are valid: true, expires at: 1731365549351
[debug] [2024-11-11T21:55:58.173Z] Checked if tokens are valid: true, expires at: 1731365549351
[debug] [2024-11-11T21:55:58.173Z] >>> [apiv2][query] GET https://firebasehosting.googleapis.com/v1beta1/projects/edison-79754/sites/edison-79754/channels/demo [none]
[debug] [2024-11-11T21:55:58.714Z] <<< [apiv2][status] GET https://firebasehosting.googleapis.com/v1beta1/projects/edison-79754/sites/edison-79754/channels/demo 200
[debug] [2024-11-11T21:55:58.714Z] <<< [apiv2][body] GET https://firebasehosting.googleapis.com/v1beta1/projects/edison-79754/sites/edison-79754/channels/demo {"name":"projects/edison-79754/sites/edison-79754/channels/demo","url":"https://edison-79754--demo-w4v892to.web.app","release":{"name":"projects/edison-79754/sites/edison-79754/channels/demo/releases/1731294688810000","version":{"name":"projects/edison-79754/sites/edison-79754/versions/373584442995b013","status":"FINALIZED","config":{"headers":[{"headers":{"x-nextjs-prerender":"1","x-next-cache-tags":"_N_T_/layout,_N_T_/_not-found/layout,_N_T_/_not-found/page,_N_T_/_not-found","x-nextjs-stale-time":"4294967294"},"glob":"/_not-found"},{"headers":{"content-type":"image/x-icon","x-next-cache-tags":"_N_T_/layout,_N_T_/favicon.ico/layout,_N_T_/favicon.ico/route,_N_T_/favicon.ico","cache-control":"public, max-age=0, must-revalidate"},"glob":"/favicon.ico"},{"headers":{"x-next-cache-tags":"_N_T_/layout,_N_T_/contact/layout,_N_T_/contact/page,_N_T_/contact","x-nextjs-stale-time":"4294967294","x-nextjs-prerender":"1"},"glob":"/contact"},{"headers":{"Set-Cookie":"__FIREBASE_DEFAULTS__=eyJjb25maWciOnsicHJvamVjdElkIjoiZWRpc29uLTc5NzU0IiwiYXBwSWQiOiIxOjEwOTc2MTI2ODA0MjA6d2ViOmY2MTAyY2FiMWUxZWUxNzdhNWUwZjEiLCJzdG9yYWdlQnVja2V0IjoiZWRpc29uLTc5NzU0LmZpcmViYXNlc3RvcmFnZS5hcHAiLCJhcGlLZXkiOiJBSXphU3lEc1B3aUZybTVnS1pfY090VDg0SEdkSVFWbHpHRnQySkkiLCJhdXRoRG9tYWluIjoiZWRpc29uLTc5NzU0LmZpcmViYXNlYXBwLmNvbSIsIm1lc3NhZ2luZ1NlbmRlcklkIjoiMTA5NzYxMjY4MDQyMCIsIm1lYXN1cmVtZW50SWQiOiJHLTlHNzhaMTk2MVMifX0; SameSite=Strict; Expires=2026-10-06T13:51:26.458Z; Path=/;"},"glob":"/**/*.[jt]s"}],"cleanUrls":true,"trailingSlashBehavior":"REMOVE"},"labels":{"deployment-tool":"cli-firebase","firebase-web-framework":"next"},"createTime":"2024-11-11T03:11:26.847963Z","createUser":{"email":"edisonisaza@gmail.com"},"finalizeTime":"2024-11-11T03:11:29.148404Z","finalizeUser":{"email":"edisonisaza@gmail.com"},"fileCount":"33","versionBytes":"1278389"},"type":"DEPLOY","releaseTime":"2024-11-11T03:11:28.810Z","releaseUser":{"email":"edisonisaza@gmail.com"}},"createTime":"2024-11-11T03:10:59.976742903Z","updateTime":"2024-11-11T21:52:32.018145173Z","retainedReleaseCount":10,"expireTime":"2024-11-18T21:52:32.018145173Z"}
[debug] [2024-11-11T21:55:58.714Z] [hosting] found existing channel for site edison-79754 {"name":"projects/edison-79754/sites/edison-79754/channels/demo","url":"https://edison-79754--demo-w4v892to.web.app","release":{"name":"projects/edison-79754/sites/edison-79754/channels/demo/releases/1731294688810000","version":{"name":"projects/edison-79754/sites/edison-79754/versions/373584442995b013","status":"FINALIZED","config":{"headers":[{"headers":{"x-nextjs-prerender":"1","x-next-cache-tags":"_N_T_/layout,_N_T_/_not-found/layout,_N_T_/_not-found/page,_N_T_/_not-found","x-nextjs-stale-time":"4294967294"},"glob":"/_not-found"},{"headers":{"content-type":"image/x-icon","x-next-cache-tags":"_N_T_/layout,_N_T_/favicon.ico/layout,_N_T_/favicon.ico/route,_N_T_/favicon.ico","cache-control":"public, max-age=0, must-revalidate"},"glob":"/favicon.ico"},{"headers":{"x-next-cache-tags":"_N_T_/layout,_N_T_/contact/layout,_N_T_/contact/page,_N_T_/contact","x-nextjs-stale-time":"4294967294","x-nextjs-prerender":"1"},"glob":"/contact"},{"headers":{"Set-Cookie":"__FIREBASE_DEFAULTS__=eyJjb25maWciOnsicHJvamVjdElkIjoiZWRpc29uLTc5NzU0IiwiYXBwSWQiOiIxOjEwOTc2MTI2ODA0MjA6d2ViOmY2MTAyY2FiMWUxZWUxNzdhNWUwZjEiLCJzdG9yYWdlQnVja2V0IjoiZWRpc29uLTc5NzU0LmZpcmViYXNlc3RvcmFnZS5hcHAiLCJhcGlLZXkiOiJBSXphU3lEc1B3aUZybTVnS1pfY090VDg0SEdkSVFWbHpHRnQySkkiLCJhdXRoRG9tYWluIjoiZWRpc29uLTc5NzU0LmZpcmViYXNlYXBwLmNvbSIsIm1lc3NhZ2luZ1NlbmRlcklkIjoiMTA5NzYxMjY4MDQyMCIsIm1lYXN1cmVtZW50SWQiOiJHLTlHNzhaMTk2MVMifX0; SameSite=Strict; Expires=2026-10-06T13:51:26.458Z; Path=/;"},"glob":"/**/*.[jt]s"}],"cleanUrls":true,"trailingSlashBehavior":"REMOVE"},"labels":{"deployment-tool":"cli-firebase","firebase-web-framework":"next"},"createTime":"2024-11-11T03:11:26.847963Z","createUser":{"email":"edisonisaza@gmail.com"},"finalizeTime":"2024-11-11T03:11:29.148404Z","finalizeUser":{"email":"edisonisaza@gmail.com"},"fileCount":"33","versionBytes":"1278389"},"type":"DEPLOY","releaseTime":"2024-11-11T03:11:28.810Z","releaseUser":{"email":"edisonisaza@gmail.com"}},"createTime":"2024-11-11T03:10:59.976742903Z","updateTime":"2024-11-11T21:52:32.018145173Z","retainedReleaseCount":10,"expireTime":"2024-11-18T21:52:32.018145173Z"}
[debug] [2024-11-11T21:55:58.715Z] Checked if tokens are valid: true, expires at: 1731365549351
[debug] [2024-11-11T21:55:58.715Z] Checked if tokens are valid: true, expires at: 1731365549351
[debug] [2024-11-11T21:55:58.717Z] >>> [apiv2][query] PATCH https://firebasehosting.googleapis.com/v1beta1/projects/edison-79754/sites/edison-79754/channels/demo updateMask=ttl
[debug] [2024-11-11T21:55:58.717Z] >>> [apiv2][body] PATCH https://firebasehosting.googleapis.com/v1beta1/projects/edison-79754/sites/edison-79754/channels/demo {"ttl":"604800s"}
[debug] [2024-11-11T21:55:58.963Z] <<< [apiv2][status] PATCH https://firebasehosting.googleapis.com/v1beta1/projects/edison-79754/sites/edison-79754/channels/demo 200
[debug] [2024-11-11T21:55:58.964Z] <<< [apiv2][body] PATCH https://firebasehosting.googleapis.com/v1beta1/projects/edison-79754/sites/edison-79754/channels/demo {"name":"projects/edison-79754/sites/edison-79754/channels/demo","url":"https://edison-79754--demo-w4v892to.web.app","release":{"name":"projects/edison-79754/sites/edison-79754/channels/demo/releases/1731294688810000","version":{"name":"projects/edison-79754/sites/edison-79754/versions/373584442995b013","status":"FINALIZED","config":{"headers":[{"headers":{"x-nextjs-prerender":"1","x-next-cache-tags":"_N_T_/layout,_N_T_/_not-found/layout,_N_T_/_not-found/page,_N_T_/_not-found","x-nextjs-stale-time":"4294967294"},"glob":"/_not-found"},{"headers":{"content-type":"image/x-icon","x-next-cache-tags":"_N_T_/layout,_N_T_/favicon.ico/layout,_N_T_/favicon.ico/route,_N_T_/favicon.ico","cache-control":"public, max-age=0, must-revalidate"},"glob":"/favicon.ico"},{"headers":{"x-nextjs-stale-time":"4294967294","x-nextjs-prerender":"1","x-next-cache-tags":"_N_T_/layout,_N_T_/contact/layout,_N_T_/contact/page,_N_T_/contact"},"glob":"/contact"},{"headers":{"Set-Cookie":"__FIREBASE_DEFAULTS__=eyJjb25maWciOnsicHJvamVjdElkIjoiZWRpc29uLTc5NzU0IiwiYXBwSWQiOiIxOjEwOTc2MTI2ODA0MjA6d2ViOmY2MTAyY2FiMWUxZWUxNzdhNWUwZjEiLCJzdG9yYWdlQnVja2V0IjoiZWRpc29uLTc5NzU0LmZpcmViYXNlc3RvcmFnZS5hcHAiLCJhcGlLZXkiOiJBSXphU3lEc1B3aUZybTVnS1pfY090VDg0SEdkSVFWbHpHRnQySkkiLCJhdXRoRG9tYWluIjoiZWRpc29uLTc5NzU0LmZpcmViYXNlYXBwLmNvbSIsIm1lc3NhZ2luZ1NlbmRlcklkIjoiMTA5NzYxMjY4MDQyMCIsIm1lYXN1cmVtZW50SWQiOiJHLTlHNzhaMTk2MVMifX0; SameSite=Strict; Expires=2026-10-06T13:51:26.458Z; Path=/;"},"glob":"/**/*.[jt]s"}],"cleanUrls":true,"trailingSlashBehavior":"REMOVE"},"labels":{"firebase-web-framework":"next","deployment-tool":"cli-firebase"},"createTime":"2024-11-11T03:11:26.847963Z","createUser":{"email":"edisonisaza@gmail.com"},"finalizeTime":"2024-11-11T03:11:29.148404Z","finalizeUser":{"email":"edisonisaza@gmail.com"},"fileCount":"33","versionBytes":"1278389"},"type":"DEPLOY","releaseTime":"2024-11-11T03:11:28.810Z","releaseUser":{"email":"edisonisaza@gmail.com"}},"createTime":"2024-11-11T03:10:59.976742903Z","updateTime":"2024-11-11T21:55:58.835641712Z","retainedReleaseCount":10,"expireTime":"2024-11-18T21:55:58.835641712Z"}
[debug] [2024-11-11T21:55:58.964Z] [hosting] updated TTL for existing channel for site edison-79754 {"name":"projects/edison-79754/sites/edison-79754/channels/demo","url":"https://edison-79754--demo-w4v892to.web.app","release":{"name":"projects/edison-79754/sites/edison-79754/channels/demo/releases/1731294688810000","version":{"name":"projects/edison-79754/sites/edison-79754/versions/373584442995b013","status":"FINALIZED","config":{"headers":[{"headers":{"x-nextjs-prerender":"1","x-next-cache-tags":"_N_T_/layout,_N_T_/_not-found/layout,_N_T_/_not-found/page,_N_T_/_not-found","x-nextjs-stale-time":"4294967294"},"glob":"/_not-found"},{"headers":{"content-type":"image/x-icon","x-next-cache-tags":"_N_T_/layout,_N_T_/favicon.ico/layout,_N_T_/favicon.ico/route,_N_T_/favicon.ico","cache-control":"public, max-age=0, must-revalidate"},"glob":"/favicon.ico"},{"headers":{"x-nextjs-stale-time":"4294967294","x-nextjs-prerender":"1","x-next-cache-tags":"_N_T_/layout,_N_T_/contact/layout,_N_T_/contact/page,_N_T_/contact"},"glob":"/contact"},{"headers":{"Set-Cookie":"__FIREBASE_DEFAULTS__=eyJjb25maWciOnsicHJvamVjdElkIjoiZWRpc29uLTc5NzU0IiwiYXBwSWQiOiIxOjEwOTc2MTI2ODA0MjA6d2ViOmY2MTAyY2FiMWUxZWUxNzdhNWUwZjEiLCJzdG9yYWdlQnVja2V0IjoiZWRpc29uLTc5NzU0LmZpcmViYXNlc3RvcmFnZS5hcHAiLCJhcGlLZXkiOiJBSXphU3lEc1B3aUZybTVnS1pfY090VDg0SEdkSVFWbHpHRnQySkkiLCJhdXRoRG9tYWluIjoiZWRpc29uLTc5NzU0LmZpcmViYXNlYXBwLmNvbSIsIm1lc3NhZ2luZ1NlbmRlcklkIjoiMTA5NzYxMjY4MDQyMCIsIm1lYXN1cmVtZW50SWQiOiJHLTlHNzhaMTk2MVMifX0; SameSite=Strict; Expires=2026-10-06T13:51:26.458Z; Path=/;"},"glob":"/**/*.[jt]s"}],"cleanUrls":true,"trailingSlashBehavior":"REMOVE"},"labels":{"firebase-web-framework":"next","deployment-tool":"cli-firebase"},"createTime":"2024-11-11T03:11:26.847963Z","createUser":{"email":"edisonisaza@gmail.com"},"finalizeTime":"2024-11-11T03:11:29.148404Z","finalizeUser":{"email":"edisonisaza@gmail.com"},"fileCount":"33","versionBytes":"1278389"},"type":"DEPLOY","releaseTime":"2024-11-11T03:11:28.810Z","releaseUser":{"email":"edisonisaza@gmail.com"}},"createTime":"2024-11-11T03:10:59.976742903Z","updateTime":"2024-11-11T21:55:58.835641712Z","retainedReleaseCount":10,"expireTime":"2024-11-18T21:55:58.835641712Z"}
[debug] [2024-11-11T21:56:00.732Z] Checked if tokens are valid: true, expires at: 1731365549351
[debug] [2024-11-11T21:56:00.732Z] Checked if tokens are valid: true, expires at: 1731365549351
[debug] [2024-11-11T21:56:00.733Z] >>> [apiv2][query] GET https://firebasehosting.googleapis.com/v1beta1/projects/edison-79754/sites pageToken=&pageSize=10
[debug] [2024-11-11T21:56:01.018Z] <<< [apiv2][status] GET https://firebasehosting.googleapis.com/v1beta1/projects/edison-79754/sites 200
[debug] [2024-11-11T21:56:01.019Z] <<< [apiv2][body] GET https://firebasehosting.googleapis.com/v1beta1/projects/edison-79754/sites {"sites":[{"name":"projects/edison-79754/sites/edison-79754","defaultUrl":"https://edison-79754.web.app","appId":"1:1097612680420:web:f6102cab1e1ee177a5e0f1","type":"DEFAULT_SITE"}]}
[debug] [2024-11-11T21:56:01.020Z] Checked if tokens are valid: true, expires at: 1731365549351
[debug] [2024-11-11T21:56:01.020Z] Checked if tokens are valid: true, expires at: 1731365549351
[debug] [2024-11-11T21:56:01.021Z] >>> [apiv2][query] GET https://firebase.googleapis.com/v1beta1/projects/-/webApps/1:1097612680420:web:f6102cab1e1ee177a5e0f1/config [none]
